# JRE version: Java(TM) SE Runtime Environment (8.0_66-b18) (build 1.8.0_66-b18)
# Java VM: Java HotSpot(TM) Client VM (25.66-b18 mixed mode windows-x86 )
Heap:
 garbage-first heap   total 176128K, used 77662K [0x05000000, 0x051002b0, 0x43800000)
  region size 1024K, 2 young (2048K), 0 survivors (0K)
 Metaspace       used 569125K, capacity 569438K, committed 569728K, reserved 569728K
GC Heap History (10 events):
Event: 7364.651 GC heap after
Heap after GC invocations=11390 (full 11314):
 garbage-first heap   total 176128K, used 76636K [0x05000000, 0x051002b0, 0x43800000)
  region size 1024K, 0 young (0K), 0 survivors (0K)
 Metaspace       used 569125K, capacity 569438K, committed 569728K, reserved 569728K
}
Event: 7365.192 GC heap before
{Heap before GC invocations=11390 (full 11314):
 garbage-first heap   total 176128K, used 76636K [0x05000000, 0x051002b0, 0x43800000)
  region size 1024K, 1 young (1024K), 0 survivors (0K)
 Metaspace       used 569125K, capacity 569438K, committed 569728K, reserved 569728K
Event: 7365.484 GC heap after
Heap after GC invocations=11391 (full 11315):
 garbage-first heap   total 176128K, used 76635K [0x05000000, 0x051002b0, 0x43800000)
  region size 1024K, 0 young (0K), 0 survivors (0K)
 Metaspace       used 569125K, capacity 569438K, committed 569728K, reserved 569728K
}
Event: 7366.032 GC heap before
{Heap before GC invocations=11391 (full 11315):
 garbage-first heap   total 176128K, used 76635K [0x05000000, 0x051002b0, 0x43800000)
  region size 1024K, 1 young (1024K), 0 survivors (0K)
 Metaspace       used 569125K, capacity 569438K, committed 569728K, reserved 569728K
Event: 7366.367 GC heap after
Heap after GC invocations=11392 (full 11316):
 garbage-first heap   total 176128K, used 76636K [0x05000000, 0x051002b0, 0x43800000)
  region size 1024K, 0 young (0K), 0 survivors (0K)
 Metaspace       used 569125K, capacity 569438K, committed 569728K, reserved 569728K
}
Event: 7366.913 GC heap before
{Heap before GC invocations=11392 (full 11316):
 garbage-first heap   total 176128K, used 76636K [0x05000000, 0x051002b0, 0x43800000)
  region size 1024K, 1 young (1024K), 0 survivors (0K)
 Metaspace       used 569125K, capacity 569438K, committed 569728K, reserved 569728K
Event: 7367.222 GC heap after
Heap after GC invocations=11393 (full 11317):
 garbage-first heap   total 176128K, used 76636K [0x05000000, 0x051002b0, 0x43800000)
  region size 1024K, 0 young (0K), 0 survivors (0K)
 Metaspace       used 569125K, capacity 569438K, committed 569728K, reserved 569728K
}
Event: 7367.765 GC heap before
{Heap before GC invocations=11393 (full 11317):
 garbage-first heap   total 176128K, used 76636K [0x05000000, 0x051002b0, 0x43800000)
  region size 1024K, 1 young (1024K), 0 survivors (0K)
 Metaspace       used 569125K, capacity 569438K, committed 569728K, reserved 569728K
Event: 7368.060 GC heap after
Heap after GC invocations=11394 (full 11318):
 garbage-first heap   total 176128K, used 76636K [0x05000000, 0x051002b0, 0x43800000)
  region size 1024K, 0 young (0K), 0 survivors (0K)
 Metaspace       used 569125K, capacity 569438K, committed 569728K, reserved 569728K
}
Event: 7368.602 GC heap before
{Heap before GC invocations=11394 (full 11318):
 garbage-first heap   total 176128K, used 77660K [0x05000000, 0x051002b0, 0x43800000)
  region size 1024K, 2 young (2048K), 0 survivors (0K)
 Metaspace       used 569125K, capacity 569438K, committed 569728K, reserved 569728K

