# JRE version: Java(TM) SE Runtime Environment (8.0_66-b18) (build 1.8.0_66-b18)
# Java VM: Java HotSpot(TM) Client VM (25.66-b18 mixed mode windows-x86 )
Heap:
 def new generation   total 29568K, used 29567K [0x04000000, 0x06010000, 0x09550000)
  eden space 26304K, 100% used [0x04000000, 0x059b0000, 0x059b0000)
  from space 3264K,  99% used [0x05ce0000, 0x0600fff8, 0x06010000)
  to   space 3264K,   0% used [0x059b0000, 0x059b0000, 0x05ce0000)
 tenured generation   total 65488K, used 61572K [0x09550000, 0x0d544000, 0x14000000)
   the space 65488K,  94% used [0x09550000, 0x0d171190, 0x0d171200, 0x0d544000)
 Metaspace       used 24212K, capacity 24587K, committed 24832K, reserved 24960K
GC Heap History (10 events):
Event: 188774.995 GC heap before
{Heap before GC invocations=777 (full 30):
 def new generation   total 29568K, used 29191K [0x04000000, 0x06010000, 0x09550000)
  eden space 26304K, 100% used [0x04000000, 0x059b0000, 0x059b0000)
  from space 3264K,  88% used [0x059b0000, 0x05c81f70, 0x05ce0000)
  to   space 3264K,   0% used [0x05ce0000, 0x05ce0000, 0x06010000)
 tenured generation   total 65488K, used 57717K [0x09550000, 0x0d544000, 0x14000000)
   the space 65488K,  88% used [0x09550000, 0x0cdad720, 0x0cdad800, 0x0d544000)
 Metaspace       used 24212K, capacity 24587K, committed 24832K, reserved 24960K
Event: 188775.004 GC heap after
Heap after GC invocations=778 (full 30):
 def new generation   total 29568K, used 1205K [0x04000000, 0x06010000, 0x09550000)
  eden space 26304K,   0% used [0x04000000, 0x04000000, 0x059b0000)
  from space 3264K,  36% used [0x05ce0000, 0x05e0d508, 0x06010000)
  to   space 3264K,   0% used [0x059b0000, 0x059b0000, 0x05ce0000)
 tenured generation   total 65488K, used 60207K [0x09550000, 0x0d544000, 0x14000000)
   the space 65488K,  91% used [0x09550000, 0x0d01bf50, 0x0d01c000, 0x0d544000)
 Metaspace       used 24212K, capacity 24587K, committed 24832K, reserved 24960K
}
Event: 188775.640 GC heap before
{Heap before GC invocations=778 (full 30):
 def new generation   total 29568K, used 27509K [0x04000000, 0x06010000, 0x09550000)
  eden space 26304K, 100% used [0x04000000, 0x059b0000, 0x059b0000)
  from space 3264K,  36% used [0x05ce0000, 0x05e0d508, 0x06010000)
  to   space 3264K,   0% used [0x059b0000, 0x059b0000, 0x05ce0000)
 tenured generation   total 65488K, used 60207K [0x09550000, 0x0d544000, 0x14000000)
   the space 65488K,  91% used [0x09550000, 0x0d01bf50, 0x0d01c000, 0x0d544000)
 Metaspace       used 24212K, capacity 24587K, committed 24832K, reserved 24960K
Event: 188775.646 GC heap after
Heap after GC invocations=779 (full 30):
 def new generation   total 29568K, used 1440K [0x04000000, 0x06010000, 0x09550000)
  eden space 26304K,   0% used [0x04000000, 0x04000000, 0x059b0000)
  from space 3264K,  44% used [0x059b0000, 0x05b18048, 0x05ce0000)
  to   space 3264K,   0% used [0x05ce0000, 0x05ce0000, 0x06010000)
 tenured generation   total 65488K, used 60207K [0x09550000, 0x0d544000, 0x14000000)
   the space 65488K,  91% used [0x09550000, 0x0d01bf50, 0x0d01c000, 0x0d544000)
 Metaspace       used 24212K, capacity 24587K, committed 24832K, reserved 24960K
}
Event: 188776.266 GC heap before
{Heap before GC invocations=779 (full 30):
 def new generation   total 29568K, used 27744K [0x04000000, 0x06010000, 0x09550000)
  eden space 26304K, 100% used [0x04000000, 0x059b0000, 0x059b0000)
  from space 3264K,  44% used [0x059b0000, 0x05b18048, 0x05ce0000)
  to   space 3264K,   0% used [0x05ce0000, 0x05ce0000, 0x06010000)
 tenured generation   total 65488K, used 60207K [0x09550000, 0x0d544000, 0x14000000)
   the space 65488K,  91% used [0x09550000, 0x0d01bf50, 0x0d01c000, 0x0d544000)
 Metaspace       used 24212K, capacity 24587K, committed 24832K, reserved 24960K
Event: 188776.273 GC heap after
Heap after GC invocations=780 (full 30):
 def new generation   total 29568K, used 1739K [0x04000000, 0x06010000, 0x09550000)
  eden space 26304K,   0% used [0x04000000, 0x04000000, 0x059b0000)
  from space 3264K,  53% used [0x05ce0000, 0x05e92da8, 0x06010000)
  to   space 3264K,   0% used [0x059b0000, 0x059b0000, 0x05ce0000)
 tenured generation   total 65488K, used 60207K [0x09550000, 0x0d544000, 0x14000000)
   the space 65488K,  91% used [0x09550000, 0x0d01bf50, 0x0d01c000, 0x0d544000)
 Metaspace       used 24212K, capacity 24587K, committed 24832K, reserved 24960K
}
Event: 188776.811 GC heap before
{Heap before GC invocations=780 (full 30):
 def new generation   total 29568K, used 28043K [0x04000000, 0x06010000, 0x09550000)
  eden space 26304K, 100% used [0x04000000, 0x059b0000, 0x059b0000)
  from space 3264K,  53% used [0x05ce0000, 0x05e92da8, 0x06010000)
  to   space 3264K,   0% used [0x059b0000, 0x059b0000, 0x05ce0000)
 tenured generation   total 65488K, used 60207K [0x09550000, 0x0d544000, 0x14000000)
   the space 65488K,  91% used [0x09550000, 0x0d01bf50, 0x0d01c000, 0x0d544000)
 Metaspace       used 24212K, capacity 24587K, committed 24832K, reserved 24960K
Event: 188776.838 GC heap after
Heap after GC invocations=781 (full 30):
 def new generation   total 29568K, used 1698K [0x04000000, 0x06010000, 0x09550000)
  eden space 26304K,   0% used [0x04000000, 0x04000000, 0x059b0000)
  from space 3264K,  52% used [0x059b0000, 0x05b58a78, 0x05ce0000)
  to   space 3264K,   0% used [0x05ce0000, 0x05ce0000, 0x06010000)
 tenured generation   total 65488K, used 61220K [0x09550000, 0x0d544000, 0x14000000)
   the space 65488K,  93% used [0x09550000, 0x0d1190f8, 0x0d119200, 0x0d544000)
 Metaspace       used 24212K, capacity 24587K, committed 24832K, reserved 24960K
}
Event: 190313.721 GC heap before
{Heap before GC invocations=781 (full 30):
 def new generation   total 29568K, used 28002K [0x04000000, 0x06010000, 0x09550000)
  eden space 26304K, 100% used [0x04000000, 0x059b0000, 0x059b0000)
  from space 3264K,  52% used [0x059b0000, 0x05b58a78, 0x05ce0000)
  to   space 3264K,   0% used [0x05ce0000, 0x05ce0000, 0x06010000)
 tenured generation   total 65488K, used 61220K [0x09550000, 0x0d544000, 0x14000000)
   the space 65488K,  93% used [0x09550000, 0x0d1190f8, 0x0d119200, 0x0d544000)
 Metaspace       used 24212K, capacity 24587K, committed 24832K, reserved 24960K
Event: 190313.743 GC heap after
Heap after GC invocations=782 (full 30):
 def new generation   total 29568K, used 3263K [0x04000000, 0x06010000, 0x09550000)
  eden space 26304K,   0% used [0x04000000, 0x04000000, 0x059b0000)
  from space 3264K,  99% used [0x05ce0000, 0x0600fff8, 0x06010000)
  to   space 3264K,   0% used [0x059b0000, 0x059b0000, 0x05ce0000)
 tenured generation   total 65488K, used 61572K [0x09550000, 0x0d544000, 0x14000000)
   the space 65488K,  94% used [0x09550000, 0x0d171190, 0x0d171200, 0x0d544000)
 Metaspace       used 24212K, capacity 24587K, committed 24832K, reserved 24960K
}

