# JRE version: Java(TM) SE Runtime Environment (8.0_66-b18) (build 1.8.0_66-b18)
# Java VM: Java HotSpot(TM) Client VM (25.66-b18 mixed mode windows-x86 )
Heap:
 def new generation   total 42624K, used 632K [0x04200000, 0x07040000, 0x09750000)
  eden space 37888K,   1% used [0x04200000, 0x0429e0e8, 0x06700000)
  from space 4736K,   0% used [0x06700000, 0x06700000, 0x06ba0000)
  to   space 4736K,   0% used [0x06ba0000, 0x06ba0000, 0x07040000)
 tenured generation   total 94648K, used 55858K [0x09750000, 0x0f3be000, 0x14200000)
   the space 94648K,  59% used [0x09750000, 0x0cddc9f0, 0x0cddca00, 0x0f3be000)
 Metaspace       used 27123K, capacity 27419K, committed 27520K, reserved 28032K
GC Heap History (10 events):
Event: 176816.377 GC heap after
Heap after GC invocations=2193 (full 2161):
 def new generation   total 42624K, used 0K [0x04200000, 0x07040000, 0x09750000)
  eden space 37888K,   0% used [0x04200000, 0x04200000, 0x06700000)
  from space 4736K,   0% used [0x06700000, 0x06700000, 0x06ba0000)
  to   space 4736K,   0% used [0x06ba0000, 0x06ba0000, 0x07040000)
 tenured generation   total 94648K, used 55880K [0x09750000, 0x0f3be000, 0x14200000)
   the space 94648K,  59% used [0x09750000, 0x0cde2298, 0x0cde2400, 0x0f3be000)
 Metaspace       used 27127K, capacity 27426K, committed 27520K, reserved 28032K
}
Event: 176816.379 GC heap before
{Heap before GC invocations=2193 (full 2161):
 def new generation   total 42624K, used 756K [0x04200000, 0x07040000, 0x09750000)
  eden space 37888K,   1% used [0x04200000, 0x042bd0d8, 0x06700000)
  from space 4736K,   0% used [0x06700000, 0x06700000, 0x06ba0000)
  to   space 4736K,   0% used [0x06ba0000, 0x06ba0000, 0x07040000)
 tenured generation   total 94648K, used 55880K [0x09750000, 0x0f3be000, 0x14200000)
   the space 94648K,  59% used [0x09750000, 0x0cde2298, 0x0cde2400, 0x0f3be000)
 Metaspace       used 27127K, capacity 27426K, committed 27520K, reserved 28032K
Event: 176816.445 GC heap after
Heap after GC invocations=2194 (full 2162):
 def new generation   total 42624K, used 0K [0x04200000, 0x07040000, 0x09750000)
  eden space 37888K,   0% used [0x04200000, 0x04200000, 0x06700000)
  from space 4736K,   0% used [0x06700000, 0x06700000, 0x06ba0000)
  to   space 4736K,   0% used [0x06ba0000, 0x06ba0000, 0x07040000)
 tenured generation   total 94648K, used 55885K [0x09750000, 0x0f3be000, 0x14200000)
   the space 94648K,  59% used [0x09750000, 0x0cde3400, 0x0cde3400, 0x0f3be000)
 Metaspace       used 27127K, capacity 27426K, committed 27520K, reserved 28032K
}
Event: 176839.477 GC heap before
{Heap before GC invocations=2194 (full 2162):
 def new generation   total 42624K, used 6888K [0x04200000, 0x07040000, 0x09750000)
  eden space 37888K,  18% used [0x04200000, 0x048ba2a0, 0x06700000)
  from space 4736K,   0% used [0x06700000, 0x06700000, 0x06ba0000)
  to   space 4736K,   0% used [0x06ba0000, 0x06ba0000, 0x07040000)
 tenured generation   total 94648K, used 55885K [0x09750000, 0x0f3be000, 0x14200000)
   the space 94648K,  59% used [0x09750000, 0x0cde3400, 0x0cde3400, 0x0f3be000)
 Metaspace       used 27127K, capacity 27426K, committed 27520K, reserved 28032K
Event: 176839.548 GC heap after
Heap after GC invocations=2195 (full 2163):
 def new generation   total 42624K, used 0K [0x04200000, 0x07040000, 0x09750000)
  eden space 37888K,   0% used [0x04200000, 0x04200000, 0x06700000)
  from space 4736K,   0% used [0x06700000, 0x06700000, 0x06ba0000)
  to   space 4736K,   0% used [0x06ba0000, 0x06ba0000, 0x07040000)
 tenured generation   total 94648K, used 56829K [0x09750000, 0x0f3be000, 0x14200000)
   the space 94648K,  60% used [0x09750000, 0x0cecf6f0, 0x0cecf800, 0x0f3be000)
 Metaspace       used 27127K, capacity 27426K, committed 27520K, reserved 28032K
}
Event: 176839.557 GC heap before
{Heap before GC invocations=2195 (full 2163):
 def new generation   total 42624K, used 632K [0x04200000, 0x07040000, 0x09750000)
  eden space 37888K,   1% used [0x04200000, 0x0429e0e8, 0x06700000)
  from space 4736K,   0% used [0x06700000, 0x06700000, 0x06ba0000)
  to   space 4736K,   0% used [0x06ba0000, 0x06ba0000, 0x07040000)
 tenured generation   total 94648K, used 56829K [0x09750000, 0x0f3be000, 0x14200000)
   the space 94648K,  60% used [0x09750000, 0x0cecf6f0, 0x0cecf800, 0x0f3be000)
 Metaspace       used 27127K, capacity 27426K, committed 27520K, reserved 28032K
Event: 176839.629 GC heap after
Heap after GC invocations=2196 (full 2164):
 def new generation   total 42624K, used 0K [0x04200000, 0x07040000, 0x09750000)
  eden space 37888K,   0% used [0x04200000, 0x04200000, 0x06700000)
  from space 4736K,   0% used [0x06700000, 0x06700000, 0x06ba0000)
  to   space 4736K,   0% used [0x06ba0000, 0x06ba0000, 0x07040000)
 tenured generation   total 94648K, used 55804K [0x09750000, 0x0f3be000, 0x14200000)
   the space 94648K,  58% used [0x09750000, 0x0cdcf040, 0x0cdcf200, 0x0f3be000)
 Metaspace       used 27123K, capacity 27419K, committed 27520K, reserved 28032K
}
Event: 176839.636 GC heap before
{Heap before GC invocations=2196 (full 2164):
 def new generation   total 42624K, used 632K [0x04200000, 0x07040000, 0x09750000)
  eden space 37888K,   1% used [0x04200000, 0x0429e0e8, 0x06700000)
  from space 4736K,   0% used [0x06700000, 0x06700000, 0x06ba0000)
  to   space 4736K,   0% used [0x06ba0000, 0x06ba0000, 0x07040000)
 tenured generation   total 94648K, used 55804K [0x09750000, 0x0f3be000, 0x14200000)
   the space 94648K,  58% used [0x09750000, 0x0cdcf040, 0x0cdcf200, 0x0f3be000)
 Metaspace       used 27123K, capacity 27419K, committed 27520K, reserved 28032K
Event: 176839.705 GC heap after
Heap after GC invocations=2197 (full 2165):
 def new generation   total 42624K, used 0K [0x04200000, 0x07040000, 0x09750000)
  eden space 37888K,   0% used [0x04200000, 0x04200000, 0x06700000)
  from space 4736K,   0% used [0x06700000, 0x06700000, 0x06ba0000)
  to   space 4736K,   0% used [0x06ba0000, 0x06ba0000, 0x07040000)
 tenured generation   total 94648K, used 55858K [0x09750000, 0x0f3be000, 0x14200000)
   the space 94648K,  59% used [0x09750000, 0x0cddc9f0, 0x0cddca00, 0x0f3be000)
 Metaspace       used 27123K, capacity 27419K, committed 27520K, reserved 28032K
}
Event: 176839.712 GC heap before
{Heap before GC invocations=2197 (full 2165):
 def new generation   total 42624K, used 632K [0x04200000, 0x07040000, 0x09750000)
  eden space 37888K,   1% used [0x04200000, 0x0429e0e8, 0x06700000)
  from space 4736K,   0% used [0x06700000, 0x06700000, 0x06ba0000)
  to   space 4736K,   0% used [0x06ba0000, 0x06ba0000, 0x07040000)
 tenured generation   total 94648K, used 55858K [0x09750000, 0x0f3be000, 0x14200000)
   the space 94648K,  59% used [0x09750000, 0x0cddc9f0, 0x0cddca00, 0x0f3be000)
 Metaspace       used 27123K, capacity 27419K, committed 27520K, reserved 28032K

