# JRE version: Java(TM) SE Runtime Environment (8.0_66-b18) (build 1.8.0_66-b18)
# Java VM: Java HotSpot(TM) Client VM (25.66-b18 mixed mode, sharing windows-x86 )
Heap:
 def new generation   total 24832K, used 8826K [0x03e00000, 0x058f0000, 0x09350000)
  eden space 22080K,  38% used [0x03e00000, 0x046361b8, 0x05390000)
  from space 2752K,  15% used [0x05390000, 0x053f87b8, 0x05640000)
  to   space 2752K,   0% used [0x05640000, 0x05640000, 0x058f0000)
 tenured generation   total 55036K, used 41610K [0x09350000, 0x0c90f000, 0x13e00000)
   the space 55036K,  75% used [0x09350000, 0x0bbf2870, 0x0bbf2a00, 0x0c90f000)
 Metaspace       used 26275K, capacity 26508K, committed 26624K, reserved 27008K
GC Heap History (10 events):
Event: 61127.952 GC heap before
{Heap before GC invocations=368 (full 41):
 def new generation   total 24832K, used 22441K [0x03e00000, 0x058f0000, 0x09350000)
  eden space 22080K, 100% used [0x03e00000, 0x05390000, 0x05390000)
  from space 2752K,  13% used [0x05640000, 0x0569a580, 0x058f0000)
  to   space 2752K,   0% used [0x05390000, 0x05390000, 0x05640000)
 tenured generation   total 55036K, used 41610K [0x09350000, 0x0c90f000, 0x13e00000)
   the space 55036K,  75% used [0x09350000, 0x0bbf2870, 0x0bbf2a00, 0x0c90f000)
 Metaspace       used 26275K, capacity 26508K, committed 26624K, reserved 27008K
Event: 61127.956 GC heap after
Heap after GC invocations=369 (full 41):
 def new generation   total 24832K, used 287K [0x03e00000, 0x058f0000, 0x09350000)
  eden space 22080K,   0% used [0x03e00000, 0x03e00000, 0x05390000)
  from space 2752K,  10% used [0x05390000, 0x053d7cd0, 0x05640000)
  to   space 2752K,   0% used [0x05640000, 0x05640000, 0x058f0000)
 tenured generation   total 55036K, used 41610K [0x09350000, 0x0c90f000, 0x13e00000)
   the space 55036K,  75% used [0x09350000, 0x0bbf2870, 0x0bbf2a00, 0x0c90f000)
 Metaspace       used 26275K, capacity 26508K, committed 26624K, reserved 27008K
}
Event: 61130.409 GC heap before
{Heap before GC invocations=369 (full 41):
 def new generation   total 24832K, used 22361K [0x03e00000, 0x058f0000, 0x09350000)
  eden space 22080K,  99% used [0x03e00000, 0x0538e900, 0x05390000)
  from space 2752K,  10% used [0x05390000, 0x053d7cd0, 0x05640000)
  to   space 2752K,   0% used [0x05640000, 0x05640000, 0x058f0000)
 tenured generation   total 55036K, used 41610K [0x09350000, 0x0c90f000, 0x13e00000)
   the space 55036K,  75% used [0x09350000, 0x0bbf2870, 0x0bbf2a00, 0x0c90f000)
 Metaspace       used 26275K, capacity 26508K, committed 26624K, reserved 27008K
Event: 61130.412 GC heap after
Heap after GC invocations=370 (full 41):
 def new generation   total 24832K, used 306K [0x03e00000, 0x058f0000, 0x09350000)
  eden space 22080K,   0% used [0x03e00000, 0x03e00000, 0x05390000)
  from space 2752K,  11% used [0x05640000, 0x0568cbf0, 0x058f0000)
  to   space 2752K,   0% used [0x05390000, 0x05390000, 0x05640000)
 tenured generation   total 55036K, used 41610K [0x09350000, 0x0c90f000, 0x13e00000)
   the space 55036K,  75% used [0x09350000, 0x0bbf2870, 0x0bbf2a00, 0x0c90f000)
 Metaspace       used 26275K, capacity 26508K, committed 26624K, reserved 27008K
}
Event: 61143.403 GC heap before
{Heap before GC invocations=370 (full 41):
 def new generation   total 24832K, used 22386K [0x03e00000, 0x058f0000, 0x09350000)
  eden space 22080K, 100% used [0x03e00000, 0x05390000, 0x05390000)
  from space 2752K,  11% used [0x05640000, 0x0568cbf0, 0x058f0000)
  to   space 2752K,   0% used [0x05390000, 0x05390000, 0x05640000)
 tenured generation   total 55036K, used 41610K [0x09350000, 0x0c90f000, 0x13e00000)
   the space 55036K,  75% used [0x09350000, 0x0bbf2870, 0x0bbf2a00, 0x0c90f000)
 Metaspace       used 26275K, capacity 26508K, committed 26624K, reserved 27008K
Event: 61143.406 GC heap after
Heap after GC invocations=371 (full 41):
 def new generation   total 24832K, used 439K [0x03e00000, 0x058f0000, 0x09350000)
  eden space 22080K,   0% used [0x03e00000, 0x03e00000, 0x05390000)
  from space 2752K,  15% used [0x05390000, 0x053fdd30, 0x05640000)
  to   space 2752K,   0% used [0x05640000, 0x05640000, 0x058f0000)
 tenured generation   total 55036K, used 41610K [0x09350000, 0x0c90f000, 0x13e00000)
   the space 55036K,  75% used [0x09350000, 0x0bbf2870, 0x0bbf2a00, 0x0c90f000)
 Metaspace       used 26275K, capacity 26508K, committed 26624K, reserved 27008K
}
Event: 61145.633 GC heap before
{Heap before GC invocations=371 (full 41):
 def new generation   total 24832K, used 22513K [0x03e00000, 0x058f0000, 0x09350000)
  eden space 22080K,  99% used [0x03e00000, 0x0538e7c0, 0x05390000)
  from space 2752K,  15% used [0x05390000, 0x053fdd30, 0x05640000)
  to   space 2752K,   0% used [0x05640000, 0x05640000, 0x058f0000)
 tenured generation   total 55036K, used 41610K [0x09350000, 0x0c90f000, 0x13e00000)
   the space 55036K,  75% used [0x09350000, 0x0bbf2870, 0x0bbf2a00, 0x0c90f000)
 Metaspace       used 26275K, capacity 26508K, committed 26624K, reserved 27008K
Event: 61145.636 GC heap after
Heap after GC invocations=372 (full 41):
 def new generation   total 24832K, used 410K [0x03e00000, 0x058f0000, 0x09350000)
  eden space 22080K,   0% used [0x03e00000, 0x03e00000, 0x05390000)
  from space 2752K,  14% used [0x05640000, 0x056a69d0, 0x058f0000)
  to   space 2752K,   0% used [0x05390000, 0x05390000, 0x05640000)
 tenured generation   total 55036K, used 41610K [0x09350000, 0x0c90f000, 0x13e00000)
   the space 55036K,  75% used [0x09350000, 0x0bbf2870, 0x0bbf2a00, 0x0c90f000)
 Metaspace       used 26275K, capacity 26508K, committed 26624K, reserved 27008K
}
Event: 61147.928 GC heap before
{Heap before GC invocations=372 (full 41):
 def new generation   total 24832K, used 22490K [0x03e00000, 0x058f0000, 0x09350000)
  eden space 22080K, 100% used [0x03e00000, 0x05390000, 0x05390000)
  from space 2752K,  14% used [0x05640000, 0x056a69d0, 0x058f0000)
  to   space 2752K,   0% used [0x05390000, 0x05390000, 0x05640000)
 tenured generation   total 55036K, used 41610K [0x09350000, 0x0c90f000, 0x13e00000)
   the space 55036K,  75% used [0x09350000, 0x0bbf2870, 0x0bbf2a00, 0x0c90f000)
 Metaspace       used 26275K, capacity 26508K, committed 26624K, reserved 27008K
Event: 61147.930 GC heap after
Heap after GC invocations=373 (full 41):
 def new generation   total 24832K, used 417K [0x03e00000, 0x058f0000, 0x09350000)
  eden space 22080K,   0% used [0x03e00000, 0x03e00000, 0x05390000)
  from space 2752K,  15% used [0x05390000, 0x053f87b8, 0x05640000)
  to   space 2752K,   0% used [0x05640000, 0x05640000, 0x058f0000)
 tenured generation   total 55036K, used 41610K [0x09350000, 0x0c90f000, 0x13e00000)
   the space 55036K,  75% used [0x09350000, 0x0bbf2870, 0x0bbf2a00, 0x0c90f000)
 Metaspace       used 26275K, capacity 26508K, committed 26624K, reserved 27008K
}

