# JRE version: Java(TM) SE Runtime Environment (8.0_66-b18) (build 1.8.0_66-b18)
# Java VM: Java HotSpot(TM) Client VM (25.66-b18 mixed mode windows-x86 )
Heap:
 garbage-first heap   total 97280K, used 93371K [0x04a00000, 0x04b0017c, 0x43200000)
  region size 1024K, 4 young (4096K), 1 survivors (1024K)
 Metaspace       used 20522K, capacity 20900K, committed 20992K, reserved 21888K
GC Heap History (10 events):
Event: 4339.020 GC heap before
{Heap before GC invocations=21171 (full 2242):
 garbage-first heap   total 94208K, used 68286K [0x04a00000, 0x04b00170, 0x43200000)
  region size 1024K, 7 young (7168K), 4 survivors (4096K)
 Metaspace       used 20522K, capacity 20900K, committed 20992K, reserved 21888K
Event: 4339.029 GC heap after
Heap after GC invocations=21172 (full 2242):
 garbage-first heap   total 94208K, used 73918K [0x04a00000, 0x04b00170, 0x43200000)
  region size 1024K, 2 young (2048K), 2 survivors (2048K)
 Metaspace       used 20522K, capacity 20900K, committed 20992K, reserved 21888K
}
Event: 4339.100 GC heap before
{Heap before GC invocations=21173 (full 2242):
 garbage-first heap   total 94208K, used 78639K [0x04a00000, 0x04b00170, 0x43200000)
  region size 1024K, 6 young (6144K), 2 survivors (2048K)
 Metaspace       used 20522K, capacity 20900K, committed 20992K, reserved 21888K
Event: 4339.108 GC heap after
Heap after GC invocations=21174 (full 2242):
 garbage-first heap   total 94208K, used 81579K [0x04a00000, 0x04b00170, 0x43200000)
  region size 1024K, 1 young (1024K), 1 survivors (1024K)
 Metaspace       used 20522K, capacity 20900K, committed 20992K, reserved 21888K
}
Event: 4339.210 GC heap before
{Heap before GC invocations=21174 (full 2242):
 garbage-first heap   total 94208K, used 84651K [0x04a00000, 0x04b00170, 0x43200000)
  region size 1024K, 4 young (4096K), 1 survivors (1024K)
 Metaspace       used 20522K, capacity 20900K, committed 20992K, reserved 21888K
Event: 4339.215 GC heap after
Heap after GC invocations=21175 (full 2242):
 garbage-first heap   total 94208K, used 81804K [0x04a00000, 0x04b00170, 0x43200000)
  region size 1024K, 1 young (1024K), 1 survivors (1024K)
 Metaspace       used 20522K, capacity 20900K, committed 20992K, reserved 21888K
}
Event: 4339.263 GC heap before
{Heap before GC invocations=21175 (full 2242):
 garbage-first heap   total 94208K, used 84876K [0x04a00000, 0x04b00170, 0x43200000)
  region size 1024K, 4 young (4096K), 1 survivors (1024K)
 Metaspace       used 20522K, capacity 20900K, committed 20992K, reserved 21888K
Event: 4339.269 GC heap after
Heap after GC invocations=21176 (full 2242):
 garbage-first heap   total 94208K, used 86162K [0x04a00000, 0x04b00170, 0x43200000)
  region size 1024K, 1 young (1024K), 1 survivors (1024K)
 Metaspace       used 20522K, capacity 20900K, committed 20992K, reserved 21888K
}
Event: 4339.316 GC heap before
{Heap before GC invocations=21176 (full 2242):
 garbage-first heap   total 94208K, used 89234K [0x04a00000, 0x04b00170, 0x43200000)
  region size 1024K, 4 young (4096K), 1 survivors (1024K)
 Metaspace       used 20522K, capacity 20900K, committed 20992K, reserved 21888K
Event: 4339.322 GC heap after
Heap after GC invocations=21177 (full 2242):
 garbage-first heap   total 97280K, used 91323K [0x04a00000, 0x04b0017c, 0x43200000)
  region size 1024K, 1 young (1024K), 1 survivors (1024K)
 Metaspace       used 20522K, capacity 20900K, committed 20992K, reserved 21888K
}

