# JRE version: Java(TM) SE Runtime Environment (8.0_66-b18) (build 1.8.0_66-b18)
# Java VM: Java HotSpot(TM) Client VM (25.66-b18 mixed mode, sharing windows-x86 )
Heap:
 def new generation   total 78656K, used 78653K [0x04000000, 0x09550000, 0x09550000)
  eden space 69952K, 100% used [0x04000000, 0x08450000, 0x08450000)
  from space 8704K,  99% used [0x08cd0000, 0x0954f668, 0x09550000)
  to   space 8704K,   0% used [0x08450000, 0x08450000, 0x08cd0000)
 tenured generation   total 174784K, used 174784K [0x09550000, 0x14000000, 0x14000000)
   the space 174784K, 100% used [0x09550000, 0x14000000, 0x14000000, 0x14000000)
 Metaspace       used 53587K, capacity 53803K, committed 54016K, reserved 54656K
GC Heap History (10 events):
Event: 9663.851 GC heap after
Heap after GC invocations=818 (full 699):
 def new generation   total 78656K, used 5326K [0x04000000, 0x09550000, 0x09550000)
  eden space 69952K,   7% used [0x04000000, 0x04533b80, 0x08450000)
  from space 8704K,   0% used [0x08cd0000, 0x08cd0000, 0x09550000)
  to   space 8704K,   0% used [0x08450000, 0x08450000, 0x08cd0000)
 tenured generation   total 174784K, used 174783K [0x09550000, 0x14000000, 0x14000000)
   the space 174784K,  99% used [0x09550000, 0x13ffffe8, 0x14000000, 0x14000000)
 Metaspace       used 53587K, capacity 53803K, committed 54016K, reserved 54656K
}
Event: 9664.053 GC heap before
{Heap before GC invocations=818 (full 699):
 def new generation   total 78656K, used 78655K [0x04000000, 0x09550000, 0x09550000)
  eden space 69952K, 100% used [0x04000000, 0x08450000, 0x08450000)
  from space 8704K,  99% used [0x08cd0000, 0x0954ffc0, 0x09550000)
  to   space 8704K,   0% used [0x08450000, 0x08450000, 0x08cd0000)
 tenured generation   total 174784K, used 174783K [0x09550000, 0x14000000, 0x14000000)
   the space 174784K,  99% used [0x09550000, 0x13ffffe8, 0x14000000, 0x14000000)
 Metaspace       used 53587K, capacity 53803K, committed 54016K, reserved 54656K
Event: 9664.486 GC heap after
Heap after GC invocations=819 (full 700):
 def new generation   total 78656K, used 20694K [0x04000000, 0x09550000, 0x09550000)
  eden space 69952K,  29% used [0x04000000, 0x05435838, 0x08450000)
  from space 8704K,   0% used [0x08cd0000, 0x08cd0000, 0x09550000)
  to   space 8704K,   0% used [0x08450000, 0x08450000, 0x08cd0000)
 tenured generation   total 174784K, used 174784K [0x09550000, 0x14000000, 0x14000000)
   the space 174784K, 100% used [0x09550000, 0x14000000, 0x14000000, 0x14000000)
 Metaspace       used 53587K, capacity 53803K, committed 54016K, reserved 54656K
}
Event: 9664.641 GC heap before
{Heap before GC invocations=819 (full 700):
 def new generation   total 78656K, used 78656K [0x04000000, 0x09550000, 0x09550000)
  eden space 69952K, 100% used [0x04000000, 0x08450000, 0x08450000)
  from space 8704K, 100% used [0x08cd0000, 0x09550000, 0x09550000)
  to   space 8704K,   0% used [0x08450000, 0x08450000, 0x08cd0000)
 tenured generation   total 174784K, used 174784K [0x09550000, 0x14000000, 0x14000000)
   the space 174784K, 100% used [0x09550000, 0x14000000, 0x14000000, 0x14000000)
 Metaspace       used 53587K, capacity 53803K, committed 54016K, reserved 54656K
Event: 9664.935 GC heap after
Heap after GC invocations=820 (full 701):
 def new generation   total 78656K, used 33100K [0x04000000, 0x09550000, 0x09550000)
  eden space 69952K,  47% used [0x04000000, 0x06053250, 0x08450000)
  from space 8704K,   0% used [0x08cd0000, 0x08cd0000, 0x09550000)
  to   space 8704K,   0% used [0x08450000, 0x08450000, 0x08cd0000)
 tenured generation   total 174784K, used 174784K [0x09550000, 0x14000000, 0x14000000)
   the space 174784K, 100% used [0x09550000, 0x14000000, 0x14000000, 0x14000000)
 Metaspace       used 53587K, capacity 53803K, committed 54016K, reserved 54656K
}
Event: 9665.093 GC heap before
{Heap before GC invocations=820 (full 701):
 def new generation   total 78656K, used 78656K [0x04000000, 0x09550000, 0x09550000)
  eden space 69952K, 100% used [0x04000000, 0x08450000, 0x08450000)
  from space 8704K, 100% used [0x08cd0000, 0x09550000, 0x09550000)
  to   space 8704K,   0% used [0x08450000, 0x08450000, 0x08cd0000)
 tenured generation   total 174784K, used 174784K [0x09550000, 0x14000000, 0x14000000)
   the space 174784K, 100% used [0x09550000, 0x14000000, 0x14000000, 0x14000000)
 Metaspace       used 53587K, capacity 53803K, committed 54016K, reserved 54656K
Event: 9665.417 GC heap after
Heap after GC invocations=821 (full 702):
 def new generation   total 78656K, used 42689K [0x04000000, 0x09550000, 0x09550000)
  eden space 69952K,  61% used [0x04000000, 0x069b0758, 0x08450000)
  from space 8704K,   0% used [0x08cd0000, 0x08cd0000, 0x09550000)
  to   space 8704K,   0% used [0x08450000, 0x08450000, 0x08cd0000)
 tenured generation   total 174784K, used 174784K [0x09550000, 0x14000000, 0x14000000)
   the space 174784K, 100% used [0x09550000, 0x14000000, 0x14000000, 0x14000000)
 Metaspace       used 53587K, capacity 53803K, committed 54016K, reserved 54656K
}
Event: 9665.557 GC heap before
{Heap before GC invocations=821 (full 702):
 def new generation   total 78656K, used 78655K [0x04000000, 0x09550000, 0x09550000)
  eden space 69952K, 100% used [0x04000000, 0x08450000, 0x08450000)
  from space 8704K,  99% used [0x08cd0000, 0x0954ffb8, 0x09550000)
  to   space 8704K,   0% used [0x08450000, 0x08450000, 0x08cd0000)
 tenured generation   total 174784K, used 174784K [0x09550000, 0x14000000, 0x14000000)
   the space 174784K, 100% used [0x09550000, 0x14000000, 0x14000000, 0x14000000)
 Metaspace       used 53587K, capacity 53803K, committed 54016K, reserved 54656K
Event: 9665.879 GC heap after
Heap after GC invocations=822 (full 703):
 def new generation   total 78656K, used 50372K [0x04000000, 0x09550000, 0x09550000)
  eden space 69952K,  72% used [0x04000000, 0x071310a8, 0x08450000)
  from space 8704K,   0% used [0x08cd0000, 0x08cd0000, 0x09550000)
  to   space 8704K,   0% used [0x08450000, 0x08450000, 0x08cd0000)
 tenured generation   total 174784K, used 174784K [0x09550000, 0x14000000, 0x14000000)
   the space 174784K, 100% used [0x09550000, 0x14000000, 0x14000000, 0x14000000)
 Metaspace       used 53587K, capacity 53803K, committed 54016K, reserved 54656K
}
Event: 9669.677 GC heap before
{Heap before GC invocations=822 (full 703):
 def new generation   total 78656K, used 78653K [0x04000000, 0x09550000, 0x09550000)
  eden space 69952K, 100% used [0x04000000, 0x08450000, 0x08450000)
  from space 8704K,  99% used [0x08cd0000, 0x0954f668, 0x09550000)
  to   space 8704K,   0% used [0x08450000, 0x08450000, 0x08cd0000)
 tenured generation   total 174784K, used 174784K [0x09550000, 0x14000000, 0x14000000)
   the space 174784K, 100% used [0x09550000, 0x14000000, 0x14000000, 0x14000000)
 Metaspace       used 53587K, capacity 53803K, committed 54016K, reserved 54656K

