# JRE version: Java(TM) SE Runtime Environment (8.0_66-b18) (build 1.8.0_66-b18)
# Java VM: Java HotSpot(TM) Client VM (25.66-b18 mixed mode windows-x86 )
Heap:
 garbage-first heap   total 139264K, used 106863K [0x04800000, 0x04900220, 0x43000000)
  region size 1024K, 2 young (2048K), 1 survivors (1024K)
 Metaspace       used 20524K, capacity 20922K, committed 21120K, reserved 21888K
GC Heap History (10 events):
Event: 8962.879 GC heap before
{Heap before GC invocations=42210 (full 3915):
 garbage-first heap   total 111616K, used 74783K [0x04800000, 0x049001b4, 0x43000000)
  region size 1024K, 12 young (12288K), 3 survivors (3072K)
 Metaspace       used 20524K, capacity 20922K, committed 21120K, reserved 21888K
Event: 8962.894 GC heap after
Heap after GC invocations=42211 (full 3915):
 garbage-first heap   total 111616K, used 76831K [0x04800000, 0x049001b4, 0x43000000)
  region size 1024K, 3 young (3072K), 3 survivors (3072K)
 Metaspace       used 20524K, capacity 20922K, committed 21120K, reserved 21888K
}
Event: 8963.219 GC heap before
{Heap before GC invocations=42212 (full 3915):
 garbage-first heap   total 111616K, used 87696K [0x04800000, 0x049001b4, 0x43000000)
  region size 1024K, 13 young (13312K), 3 survivors (3072K)
 Metaspace       used 20524K, capacity 20922K, committed 21120K, reserved 21888K
Event: 8963.260 GC heap after
Heap after GC invocations=42213 (full 3915):
 garbage-first heap   total 111616K, used 88720K [0x04800000, 0x049001b4, 0x43000000)
  region size 1024K, 2 young (2048K), 2 survivors (2048K)
 Metaspace       used 20524K, capacity 20922K, committed 21120K, reserved 21888K
}
Event: 8963.307 GC heap before
{Heap before GC invocations=42213 (full 3915):
 garbage-first heap   total 111616K, used 91792K [0x04800000, 0x049001b4, 0x43000000)
  region size 1024K, 5 young (5120K), 2 survivors (2048K)
 Metaspace       used 20524K, capacity 20922K, committed 21120K, reserved 21888K
Event: 8963.324 GC heap after
Heap after GC invocations=42214 (full 3915):
 garbage-first heap   total 111616K, used 88208K [0x04800000, 0x049001b4, 0x43000000)
  region size 1024K, 1 young (1024K), 1 survivors (1024K)
 Metaspace       used 20524K, capacity 20922K, committed 21120K, reserved 21888K
}
Event: 8963.415 GC heap before
{Heap before GC invocations=42214 (full 3915):
 garbage-first heap   total 111616K, used 93328K [0x04800000, 0x049001b4, 0x43000000)
  region size 1024K, 6 young (6144K), 1 survivors (1024K)
 Metaspace       used 20524K, capacity 20922K, committed 21120K, reserved 21888K
Event: 8963.424 GC heap after
Heap after GC invocations=42215 (full 3915):
 garbage-first heap   total 126976K, used 97195K [0x04800000, 0x049001f0, 0x43000000)
  region size 1024K, 1 young (1024K), 1 survivors (1024K)
 Metaspace       used 20524K, capacity 20922K, committed 21120K, reserved 21888K
}
Event: 8963.561 GC heap before
{Heap before GC invocations=42215 (full 3915):
 garbage-first heap   total 126976K, used 103339K [0x04800000, 0x049001f0, 0x43000000)
  region size 1024K, 8 young (8192K), 1 survivors (1024K)
 Metaspace       used 20524K, capacity 20922K, committed 21120K, reserved 21888K
Event: 8963.571 GC heap after
Heap after GC invocations=42216 (full 3915):
 garbage-first heap   total 139264K, used 105925K [0x04800000, 0x04900220, 0x43000000)
  region size 1024K, 1 young (1024K), 1 survivors (1024K)
 Metaspace       used 20524K, capacity 20922K, committed 21120K, reserved 21888K
}

