# JRE version: Java(TM) SE Runtime Environment (8.0_66-b18) (build 1.8.0_66-b18)
# Java VM: Java HotSpot(TM) Client VM (25.66-b18 mixed mode windows-x86 )
Heap:
 garbage-first heap   total 173056K, used 157375K [0x05400000, 0x055002a4, 0x43c00000)
  region size 1024K, 8 young (8192K), 1 survivors (1024K)
 Metaspace       used 20676K, capacity 21057K, committed 21248K, reserved 21888K
GC Heap History (10 events):
Event: 24349.324 GC heap before
{Heap before GC invocations=116196 (full 4372):
 garbage-first heap   total 143360K, used 106459K [0x05400000, 0x05500230, 0x43c00000)
  region size 1024K, 14 young (14336K), 1 survivors (1024K)
 Metaspace       used 20676K, capacity 21057K, committed 21248K, reserved 21888K
Event: 24349.348 GC heap after
Heap after GC invocations=116197 (full 4372):
 garbage-first heap   total 152576K, used 111478K [0x05400000, 0x05500254, 0x43c00000)
  region size 1024K, 3 young (3072K), 3 survivors (3072K)
 Metaspace       used 20676K, capacity 21057K, committed 21248K, reserved 21888K
}
Event: 24349.570 GC heap before
{Heap before GC invocations=116198 (full 4372):
 garbage-first heap   total 152576K, used 123680K [0x05400000, 0x05500254, 0x43c00000)
  region size 1024K, 14 young (14336K), 3 survivors (3072K)
 Metaspace       used 20676K, capacity 21057K, committed 21248K, reserved 21888K
Event: 24349.593 GC heap after
Heap after GC invocations=116199 (full 4372):
 garbage-first heap   total 159744K, used 125829K [0x05400000, 0x05500270, 0x43c00000)
  region size 1024K, 2 young (2048K), 2 survivors (2048K)
 Metaspace       used 20676K, capacity 21057K, committed 21248K, reserved 21888K
}
Event: 24349.629 GC heap before
{Heap before GC invocations=116199 (full 4372):
 garbage-first heap   total 159744K, used 130949K [0x05400000, 0x05500270, 0x43c00000)
  region size 1024K, 7 young (7168K), 2 survivors (2048K)
 Metaspace       used 20676K, capacity 21057K, committed 21248K, reserved 21888K
Event: 24349.643 GC heap after
Heap after GC invocations=116200 (full 4372):
 garbage-first heap   total 164864K, used 125829K [0x05400000, 0x05500284, 0x43c00000)
  region size 1024K, 1 young (1024K), 1 survivors (1024K)
 Metaspace       used 20676K, capacity 21057K, committed 21248K, reserved 21888K
}
Event: 24349.725 GC heap before
{Heap before GC invocations=116200 (full 4372):
 garbage-first heap   total 164864K, used 135045K [0x05400000, 0x05500284, 0x43c00000)
  region size 1024K, 10 young (10240K), 1 survivors (1024K)
 Metaspace       used 20676K, capacity 21057K, committed 21248K, reserved 21888K
Event: 24349.737 GC heap after
Heap after GC invocations=116201 (full 4372):
 garbage-first heap   total 168960K, used 139141K [0x05400000, 0x05500294, 0x43c00000)
  region size 1024K, 2 young (2048K), 2 survivors (2048K)
 Metaspace       used 20676K, capacity 21057K, committed 21248K, reserved 21888K
}
Event: 24349.797 GC heap before
{Heap before GC invocations=116201 (full 4372):
 garbage-first heap   total 168960K, used 145285K [0x05400000, 0x05500294, 0x43c00000)
  region size 1024K, 8 young (8192K), 2 survivors (2048K)
 Metaspace       used 20676K, capacity 21057K, committed 21248K, reserved 21888K
Event: 24349.812 GC heap after
Heap after GC invocations=116202 (full 4372):
 garbage-first heap   total 173056K, used 148801K [0x05400000, 0x055002a4, 0x43c00000)
  region size 1024K, 1 young (1024K), 1 survivors (1024K)
 Metaspace       used 20676K, capacity 21057K, committed 21248K, reserved 21888K
}

